0 info it worked if it ends with ok
1 verbose cli [ '/usr/bin/node', '/usr/bin/npm', 'start' ]
2 info using npm@3.10.10
3 info using node@v6.12.0
4 verbose run-script [ 'prestart', 'start', 'poststart' ]
5 info lifecycle escondida@1.0.0~prestart: escondida@1.0.0
6 silly lifecycle escondida@1.0.0~prestart: no script for prestart, continuing
7 info lifecycle escondida@1.0.0~start: escondida@1.0.0
8 verbose lifecycle escondida@1.0.0~start: unsafe-perm in lifecycle true
9 verbose lifecycle escondida@1.0.0~start: PATH: /usr/lib/node_modules/npm/bin/node-gyp-bin:/home/jesus/Compartidos/Programs/Electron/escondida/node_modules/.bin:/usr/local/sbin:/usr/local/bin:/usr/sbin:/usr/bin:/sbin:/bin:/usr/games:/usr/local/games:/snap/bin
10 verbose lifecycle escondida@1.0.0~start: CWD: /home/jesus/Compartidos/Programs/Electron/escondida
11 silly lifecycle escondida@1.0.0~start: Args: [ '-c', 'electron main.js' ]
12 silly lifecycle escondida@1.0.0~start: Returned: code: 126  signal: null
13 info lifecycle escondida@1.0.0~start: Failed to exec start script
14 verbose stack Error: escondida@1.0.0 start: `electron main.js`
14 verbose stack Exit status 126
14 verbose stack     at EventEmitter.<anonymous> (/usr/lib/node_modules/npm/lib/utils/lifecycle.js:255:16)
14 verbose stack     at emitTwo (events.js:106:13)
14 verbose stack     at EventEmitter.emit (events.js:191:7)
14 verbose stack     at ChildProcess.<anonymous> (/usr/lib/node_modules/npm/lib/utils/spawn.js:40:14)
14 verbose stack     at emitTwo (events.js:106:13)
14 verbose stack     at ChildProcess.emit (events.js:191:7)
14 verbose stack     at maybeClose (internal/child_process.js:920:16)
14 verbose stack     at Process.ChildProcess._handle.onexit (internal/child_process.js:230:5)
15 verbose pkgid escondida@1.0.0
16 verbose cwd /home/jesus/Compartidos/Programs/Electron/escondida
17 error Linux 4.13.0-16-generic
18 error argv "/usr/bin/node" "/usr/bin/npm" "start"
19 error node v6.12.0
20 error npm  v3.10.10
21 error code ELIFECYCLE
22 error escondida@1.0.0 start: `electron main.js`
22 error Exit status 126
23 error Failed at the escondida@1.0.0 start script 'electron main.js'.
23 error Make sure you have the latest version of node.js and npm installed.
23 error If you do, this is most likely a problem with the escondida package,
23 error not with npm itself.
23 error Tell the author that this fails on your system:
23 error     electron main.js
23 error You can get information on how to open an issue for this project with:
23 error     npm bugs escondida
23 error Or if that isn't available, you can get their info via:
23 error     npm owner ls escondida
23 error There is likely additional logging output above.
24 verbose exit [ 1, true ]
